<?xml version="1.0" encoding="UTF-8"?>
<!-- Generated by org.testng.reporters.JUnitReportReporter -->
<testsuite hostname="IBS-LAP-324" failures="0" tests="1" name="com.api.test.LoginAPITest2" time="2.211" errors="0" timestamp="2025-08-14T19:17:30 IST" skipped="0">
  <testcase classname="com.api.test.LoginAPITest2" name="loginTest" time="2.211"/>
</testsuite> <!-- com.api.test.LoginAPITest2 -->
