<?xml version="1.0" encoding="UTF-8"?>
<!-- Generated by org.testng.reporters.JUnitReportReporter -->
<testsuite hostname="IBS-LAP-324" failures="0" tests="1" name="com.api.test.LoginAPITest" time="1.383" errors="0" timestamp="2024-12-18T20:16:18 IST" skipped="0">
  <testcase classname="com.api.test.LoginAPITest" name="loginTest" time="1.383"/>
</testsuite> <!-- com.api.test.LoginAPITest -->
