<?xml version="1.0" encoding="UTF-8"?>
<!-- Generated by org.testng.reporters.JUnitReportReporter -->
<testsuite hostname="IBS-LAP-324" failures="0" tests="1" name="com.api.test.patchUpdateProfileTest" time="0.715" errors="0" timestamp="2025-09-17T11:13:03 IST" skipped="0">
  <testcase classname="com.api.test.patchUpdateProfileTest" name="updateProfileTest" time="0.715"/>
</testsuite> <!-- com.api.test.patchUpdateProfileTest -->
