<?xml version="1.0" encoding="UTF-8"?>
<!-- Generated by org.testng.reporters.JUnitReportReporter -->
<testsuite hostname="IBS-LAP-324" failures="0" tests="1" name="com.api.test.AccountCreationTest" time="1.383" errors="0" timestamp="2024-12-18T16:38:43 IST" skipped="0">
  <testcase classname="com.api.test.AccountCreationTest" name="AccountCreationTesting" time="1.383"/>
</testsuite> <!-- com.api.test.AccountCreationTest -->
