<?xml version="1.0" encoding="UTF-8"?>
<!-- Generated by org.testng.reporters.JUnitReportReporter -->
<testsuite hostname="IBS-LAP-324" failures="0" tests="3" name="com.api.test.patchUpdateProfileTest" time="0.010" errors="0" timestamp="2025-08-17T11:22:26 IST" skipped="0">
  <testcase classname="com.api.test.patchUpdateProfileTest" name="t3" time="0.002"/>
  <testcase classname="com.api.test.patchUpdateProfileTest" name="t1" time="0.007"/>
  <testcase classname="com.api.test.patchUpdateProfileTest" name="t2" time="0.001"/>
</testsuite> <!-- com.api.test.patchUpdateProfileTest -->
