<?xml version="1.0" encoding="UTF-8"?>
<!-- Generated by org.testng.reporters.JUnitReportReporter -->
<testsuite hostname="IBS-LAP-324" failures="0" tests="1" name="com.api.test.deleteUserProfileTest" time="3.355" errors="0" timestamp="2025-09-17T11:13:03 IST" skipped="0">
  <testcase classname="com.api.test.deleteUserProfileTest" name="deleteUserProfile" time="3.355"/>
</testsuite> <!-- com.api.test.deleteUserProfileTest -->
