<?xml version="1.0" encoding="UTF-8"?>
<!-- Generated by org.testng.reporters.JUnitReportReporter -->
<testsuite hostname="IBS-LAP-324" failures="0" tests="1" name="com.api.test.ForgotPasswordTest" time="2.450" errors="0" timestamp="2025-09-19T12:18:41 IST" skipped="0">
  <testcase classname="com.api.test.ForgotPasswordTest" name="Test" time="2.450"/>
</testsuite> <!-- com.api.test.ForgotPasswordTest -->
