<?xml version="1.0" encoding="UTF-8"?>
<!-- Generated by org.testng.reporters.JUnitReportReporter -->
<testsuite hostname="IBS-LAP-324" failures="0" tests="1" name="com.api.test.getUserProfileManagementTest" time="1.887" errors="0" timestamp="2025-08-13T16:32:52 IST" skipped="0">
  <testcase classname="com.api.test.getUserProfileManagementTest" name="Test" time="1.887"/>
</testsuite> <!-- com.api.test.getUserProfileManagementTest -->
