<?xml version="1.0" encoding="UTF-8"?>
<!-- Generated by org.testng.reporters.JUnitReportReporter -->
<testsuite hostname="IBS-LAP-324" failures="0" tests="1" name="com.api.test.getUserProfileManagementTest" time="2.457" errors="0" timestamp="2025-09-17T11:13:03 IST" skipped="0">
  <testcase classname="com.api.test.getUserProfileManagementTest" name="Test" time="2.457"/>
</testsuite> <!-- com.api.test.getUserProfileManagementTest -->
