<?xml version="1.0" encoding="UTF-8"?>
<!-- Generated by org.testng.reporters.JUnitReportReporter -->
<testsuite hostname="IBS-LAP-324" failures="0" tests="1" name="com.api.test.ForgotPasswordTest" time="1.325" errors="0" timestamp="2024-12-07T20:24:10 IST" skipped="0">
  <testcase classname="com.api.test.ForgotPasswordTest" name="Test" time="1.325"/>
</testsuite> <!-- com.api.test.ForgotPasswordTest -->
