<?xml version="1.0" encoding="UTF-8"?>
<!-- Generated by org.testng.reporters.JUnitReportReporter -->
<testsuite hostname="IBS-LAP-324" failures="0" tests="1" name="com.api.test.AccountCreationTest" time="2.367" errors="0" timestamp="2025-08-10T00:26:13 IST" skipped="0">
  <testcase classname="com.api.test.AccountCreationTest" name="AccountCreationTesting" time="2.367"/>
</testsuite> <!-- com.api.test.AccountCreationTest -->
