<?xml version="1.0" encoding="UTF-8"?>
<!-- Generated by org.testng.reporters.JUnitReportReporter -->
<testsuite hostname="IBS-LAP-324" failures="0" tests="1" name="com.api.test.AccountCreationTest" time="1.491" errors="0" timestamp="2024-12-07T19:08:39 IST" skipped="0">
  <testcase classname="com.api.test.AccountCreationTest" name="AccountCreationTesting" time="1.491"/>
</testsuite> <!-- com.api.test.AccountCreationTest -->
