<?xml version="1.0" encoding="UTF-8"?>
<!-- Generated by org.testng.reporters.JUnitReportReporter -->
<testsuite hostname="IBS-LAP-324" failures="0" tests="1" name="com.api.test.LoginAPITest" time="1.138" errors="0" timestamp="2025-08-13T16:07:31 IST" skipped="0">
  <testcase classname="com.api.test.LoginAPITest" name="loginTest" time="1.138"/>
</testsuite> <!-- com.api.test.LoginAPITest -->
