<?xml version="1.0" encoding="UTF-8"?>
<!-- Generated by org.testng.reporters.JUnitReportReporter -->
<testsuite hostname="IBS-LAP-324" failures="0" tests="1" name="com.api.test.LoginAPITest2" time="1.526" errors="0" timestamp="2024-12-07T19:01:41 IST" skipped="0">
  <testcase classname="com.api.test.LoginAPITest2" name="loginTest" time="1.526"/>
</testsuite> <!-- com.api.test.LoginAPITest2 -->
