<?xml version="1.0" encoding="UTF-8"?>
<!-- Generated by org.testng.reporters.JUnitReportReporter -->
<testsuite hostname="IBS-LAP-324" failures="0" tests="1" name="com.api.test.UserProfileManagementTest" time="2.046" errors="0" timestamp="2025-08-13T16:26:15 IST" skipped="0">
  <testcase classname="com.api.test.UserProfileManagementTest" name="Test" time="2.046"/>
</testsuite> <!-- com.api.test.UserProfileManagementTest -->
