<?xml version="1.0" encoding="UTF-8"?>
<!-- Generated by org.testng.reporters.JUnitReportReporter -->
<testsuite hostname="IBS-LAP-324" failures="0" tests="1" name="com.api.test.UserProfileManagementTest" time="1.637" errors="0" timestamp="2024-12-08T01:00:32 IST" skipped="0">
  <testcase classname="com.api.test.UserProfileManagementTest" name="Test" time="1.637"/>
</testsuite> <!-- com.api.test.UserProfileManagementTest -->
