<?xml version="1.0" encoding="UTF-8"?>
<!-- Generated by org.testng.reporters.JUnitReportReporter -->
<testsuite hostname="IBS-LAP-324" failures="0" tests="1" name="com.api.test.LoginAPITest2" time="1.987" errors="0" timestamp="2025-10-09T12:53:07 IST" skipped="0">
  <testcase classname="com.api.test.LoginAPITest2" name="loginTestasIT" time="1.987"/>
</testsuite> <!-- com.api.test.LoginAPITest2 -->
