<?xml version="1.0" encoding="UTF-8"?>
<!-- Generated by org.testng.reporters.JUnitReportReporter -->
<testsuite hostname="IBS-LAP-324" failures="0" tests="5" name="com.api.test.LoginAPITest" time="3.375" errors="0" timestamp="2025-10-10T12:16:53 IST" skipped="0">
  <testcase classname="com.api.test.LoginAPITest" name="loginTestasIT" time="0.066"/>
  <testcase classname="com.api.test.LoginAPITest" name="loginTestasHR" time="0.113"/>
  <testcase classname="com.api.test.LoginAPITest" name="loginTestasAssociate" time="0.110"/>
  <testcase classname="com.api.test.LoginAPITest" name="loginTestasAccount" time="2.957"/>
  <testcase classname="com.api.test.LoginAPITest" name="loginTestasAdmin" time="0.129"/>
</testsuite> <!-- com.api.test.LoginAPITest -->
